[LOG] System::create                           : Header version = 1.10.07. Current version = 1.10.07.
[LOG] SystemI::setOutputInternal               : Setting output to 'FMOD WASAPI Output'
[LOG] Manager::init                            : maxchannels = 1024 studioflags = 00000009 flags 00000000 extradriverdata 0000000000000000.
[LOG] SystemI::init                            : Initialize version=11007 (95892), maxchannels=1024, flags=0x00030000
[LOG] OutputWASAPI::init                       : Mix Format (WAVEFORMATEX): wFormatTag=0xFFFE, nChannels=6, nSamplesPerSec=48000, nAvgBytesPerSec=1152000, nBlockAlign=24, wBitsPerSample=32, cbSize=22.
[LOG] OutputWASAPI::init                       : Mix Format (WAVEFORMATEXTENSIBLE): wValidBitsPerSample=32, dwChannelMask=0x0000003F, SubFormat=00000003-0000-0010-8000-00AA00389B71.
[LOG] OutputWASAPI::init                       : Output buffer size: 4096 samples, latency: 0.00ms, period: 10.00ms, DSP buffer: 1024 * 4
[LOG] DownMix::init                            : dspbuffersize: 1024  rate: 48000. output speaker mode: 6, input speaker mode 3
[LOG] DownMix::init                            : done.
[LOG] Thread::initThread                       : Init FMOD stream thread. Priority: 2, Stack Size: 65536, Semaphore: No, Sleep Time: 10, Looping: Yes.
[LOG] SystemI::DSPCodecPoolRegister            : register codec pool for pool type 5
[LOG] Thread::initThread                       : Init FMOD mixer thread. Priority: 3, Stack Size: 49152, Semaphore: No, Sleep Time: 0, Looping: Yes.
[LOG] AsyncManager::init                       : manager 000000004F06B7B8 isAsync 1 updatePeriod 0.02
[LOG] Thread::initThread                       : Init FMOD Studio update thread. Priority: 0, Stack Size: 65536, Semaphore: No, Sleep Time: 1, Looping: No.
[LOG] AsyncManager::init                       : done
[LOG] PlaybackSystem::init                     : 
[LOG] Thread::initThread                       : Init FMOD Studio sample load thread. Priority: 0, Stack Size: 65536, Semaphore: No, Sleep Time: 1, Looping: No.
[LOG] PlaybackSystem::init                     : done
[LOG] LiveUpdate::init                         : 
[LOG] Thread::initThread                       : Init FMOD Studio bank load thread. Priority: 0, Stack Size: 65536, Semaphore: No, Sleep Time: 1, Looping: No.
[LOG] Manager::init                            : done.
[LOG] Profile::init                            : Profiler listening on port: 9264
[LOG] Manager::readBank                        : fileversion = 100, compatVersion = 99 (oldest = 44, newest = 100)
[LOG] Manager::readBank                        : fileversion = 100, compatVersion = 99 (oldest = 44, newest = 100)
[LOG] PlaybackSystem::acquireMasterBus         : Setting master channel group format to 6
[LOG] SystemI::createSoundInternal             : Create name='', mode=0x02000202
[LOG] SystemI::createSoundInternal             : exinfo->cbsize             = 232
[LOG] SystemI::createSoundInternal             : exinfo->length             = 117120
[LOG] SystemI::createSoundInternal             : exinfo->fileoffset         = 23424
[LOG] SystemI::createSoundInternal             : exinfo->numsubsounds       = 1
[LOG] SystemI::createSoundInternal             : exinfo->inclusionlist      = 0000000078BBF5FC
[LOG] SystemI::createSoundInternal             : exinfo->inclusionlistnum   = 1
[LOG] SystemI::createSoundInternal             : exinfo->suggestedsoundtype = 5
[LOG] SystemI::createSoundInternal             : exinfo->useropen           = 00007FFA5A71D9C0
[LOG] SystemI::createSoundInternal             : exinfo->userclose          = 00007FFA5A71D990
[LOG] SystemI::createSoundInternal             : exinfo->userread           = 00007FFA5A71DA90
[LOG] SystemI::createSoundInternal             : exinfo->userseek           = 00007FFA5A71DB50
[LOG] SystemI::createSoundInternal             : exinfo->fileuserdata       = 000000004EF23CA8
[LOG] SystemI::createSoundInternal             : exinfo->initialseekpostype = 1
[LOG] SystemI::DSPCodecPoolRegister            : register codec pool for pool type 5
[LOG] SystemI::createSoundInternal             : Sample 0/1: name='FS Ground Civilian Walk N05', format=2, channels=2, frequency=48000, lengthbytes=9056, lengthpcm=33597, pcmblocksize=0, loopstart=0, loopend=0, mode=0x00000000, channelmask=0x00000000, channelorder=0, peakvolume=0.609273.
[LOG] SystemI::createSoundInternal             : Create name='', mode=0x02000202
[LOG] SystemI::createSoundInternal             : exinfo->cbsize             = 232
[LOG] SystemI::createSoundInternal             : exinfo->length             = 117120
[LOG] SystemI::createSoundInternal             : exinfo->fileoffset         = 23424
[LOG] SystemI::createSoundInternal             : exinfo->numsubsounds       = 1
[LOG] SystemI::createSoundInternal             : exinfo->inclusionlist      = 0000000078BBF5FC
[LOG] SystemI::createSoundInternal             : exinfo->inclusionlistnum   = 1
[LOG] SystemI::createSoundInternal             : exinfo->suggestedsoundtype = 5
[LOG] SystemI::createSoundInternal             : exinfo->useropen           = 00007FFA5A71D9C0
[LOG] SystemI::createSoundInternal             : exinfo->userclose          = 00007FFA5A71D990
[LOG] SystemI::createSoundInternal             : exinfo->userread           = 00007FFA5A71DA90
[LOG] SystemI::createSoundInternal             : exinfo->userseek           = 00007FFA5A71DB50
[LOG] SystemI::createSoundInternal             : exinfo->fileuserdata       = 000000004EF24DA8
[LOG] SystemI::createSoundInternal             : exinfo->initialseekpostype = 1
[LOG] SystemI::DSPCodecPoolRegister            : register codec pool for pool type 5
[LOG] SystemI::createSoundInternal             : Sample 0/1: name='water splash tiny 3', format=2, channels=2, frequency=48000, lengthbytes=13568, lengthpcm=52921, pcmblocksize=0, loopstart=0, loopend=0, mode=0x00000000, channelmask=0x00000000, channelorder=0, peakvolume=0.308746.
[LOG] SystemI::createSoundInternal             : Create name='', mode=0x02000202
[LOG] SystemI::createSoundInternal             : exinfo->cbsize             = 232
[LOG] SystemI::createSoundInternal             : exinfo->length             = 117120
[LOG] SystemI::createSoundInternal             : exinfo->fileoffset         = 23424
[LOG] SystemI::createSoundInternal             : exinfo->numsubsounds       = 1
[LOG] SystemI::createSoundInternal             : exinfo->inclusionlist      = 0000000078BBF5FC
[LOG] SystemI::createSoundInternal             : exinfo->inclusionlistnum   = 1
[LOG] SystemI::createSoundInternal             : exinfo->suggestedsoundtype = 5
[LOG] SystemI::createSoundInternal             : exinfo->useropen           = 00007FFA5A71D9C0
[LOG] SystemI::createSoundInternal             : exinfo->userclose          = 00007FFA5A71D990
[LOG] SystemI::createSoundInternal             : exinfo->userread           = 00007FFA5A71DA90
[LOG] SystemI::createSoundInternal             : exinfo->userseek           = 00007FFA5A71DB50
[LOG] SystemI::createSoundInternal             : exinfo->fileuserdata       = 000000004EF24308
[LOG] SystemI::createSoundInternal             : exinfo->initialseekpostype = 1
[LOG] SystemI::DSPCodecPoolRegister            : register codec pool for pool type 5
[LOG] SystemI::createSoundInternal             : Sample 0/1: name='wet splash1', format=2, channels=2, frequency=48000, lengthbytes=9184, lengthpcm=32256, pcmblocksize=0, loopstart=0, loopend=0, mode=0x00000000, channelmask=0x00000000, channelorder=0, peakvolume=0.966553.
[LOG] SystemI::createSoundInternal             : Create name='', mode=0x02000202
[LOG] SystemI::createSoundInternal             : exinfo->cbsize             = 232
[LOG] SystemI::createSoundInternal             : exinfo->length             = 117120
[LOG] SystemI::createSoundInternal             : exinfo->fileoffset         = 23424
[LOG] SystemI::createSoundInternal             : exinfo->numsubsounds       = 1
[LOG] SystemI::createSoundInternal             : exinfo->inclusionlist      = 0000000078BBF5FC
[LOG] SystemI::createSoundInternal             : exinfo->inclusionlistnum   = 1
[LOG] SystemI::createSoundInternal             : exinfo->suggestedsoundtype = 5
[LOG] SystemI::createSoundInternal             : exinfo->useropen           = 00007FFA5A71D9C0
[LOG] SystemI::createSoundInternal             : exinfo->userclose          = 00007FFA5A71D990
[LOG] SystemI::createSoundInternal             : exinfo->userread           = 00007FFA5A71DA90
[LOG] SystemI::createSoundInternal             : exinfo->userseek           = 00007FFA5A71DB50
[LOG] SystemI::createSoundInternal             : exinfo->fileuserdata       = 000000004EF24308
[LOG] SystemI::createSoundInternal             : exinfo->initialseekpostype = 1
[LOG] SystemI::DSPCodecPoolRegister            : register codec pool for pool type 5
[LOG] SystemI::createSoundInternal             : Sample 0/1: name='wet splash2', format=2, channels=2, frequency=48000, lengthbytes=9248, lengthpcm=32256, pcmblocksize=0, loopstart=0, loopend=0, mode=0x00000000, channelmask=0x00000000, channelorder=0, peakvolume=0.182617.
[LOG] SystemI::createSoundInternal             : Create name='', mode=0x02000202
[LOG] SystemI::createSoundInternal             : exinfo->cbsize             = 232
[LOG] SystemI::createSoundInternal             : exinfo->length             = 117120
[LOG] SystemI::createSoundInternal             : exinfo->fileoffset         = 23424
[LOG] SystemI::createSoundInternal             : exinfo->numsubsounds       = 1
[LOG] SystemI::createSoundInternal             : exinfo->inclusionlist      = 0000000078BBF5FC
[LOG] SystemI::createSoundInternal             : exinfo->inclusionlistnum   = 1
[LOG] SystemI::createSoundInternal             : exinfo->suggestedsoundtype = 5
[LOG] SystemI::createSoundInternal             : exinfo->useropen           = 00007FFA5A71D9C0
[LOG] SystemI::createSoundInternal             : exinfo->userclose          = 00007FFA5A71D990
[LOG] SystemI::createSoundInternal             : exinfo->userread           = 00007FFA5A71DA90
[LOG] SystemI::createSoundInternal             : exinfo->userseek           = 00007FFA5A71DB50
[LOG] SystemI::createSoundInternal             : exinfo->fileuserdata       = 000000004EF24308
[LOG] SystemI::createSoundInternal             : exinfo->initialseekpostype = 1
[LOG] SystemI::DSPCodecPoolRegister            : register codec pool for pool type 5
[LOG] SystemI::createSoundInternal             : Sample 0/1: name='wet splash3', format=2, channels=2, frequency=48000, lengthbytes=9248, lengthpcm=32256, pcmblocksize=0, loopstart=0, loopend=0, mode=0x00000000, channelmask=0x00000000, channelorder=0, peakvolume=0.136169.
[LOG] SystemI::createSoundInternal             : Create name='', mode=0x02000202
[LOG] SystemI::createSoundInternal             : exinfo->cbsize             = 232
[LOG] SystemI::createSoundInternal             : exinfo->length             = 117120
[LOG] SystemI::createSoundInternal             : exinfo->fileoffset         = 23424
[LOG] SystemI::createSoundInternal             : exinfo->numsubsounds       = 1
[LOG] SystemI::createSoundInternal             : exinfo->inclusionlist      = 0000000078BBF5FC
[LOG] SystemI::createSoundInternal             : exinfo->inclusionlistnum   = 1
[LOG] SystemI::createSoundInternal             : exinfo->suggestedsoundtype = 5
[LOG] SystemI::createSoundInternal             : exinfo->useropen           = 00007FFA5A71D9C0
[LOG] SystemI::createSoundInternal             : exinfo->userclose          = 00007FFA5A71D990
[LOG] SystemI::createSoundInternal             : exinfo->userread           = 00007FFA5A71DA90
[LOG] SystemI::createSoundInternal             : exinfo->userseek           = 00007FFA5A71DB50
[LOG] SystemI::createSoundInternal             : exinfo->fileuserdata       = 000000004EF24748
[LOG] SystemI::createSoundInternal             : exinfo->initialseekpostype = 1
[LOG] SystemI::DSPCodecPoolRegister            : register codec pool for pool type 5
[LOG] SystemI::createSoundInternal             : Sample 0/1: name='Bubble Pop', format=2, channels=2, frequency=48000, lengthbytes=1568, lengthpcm=6112, pcmblocksize=0, loopstart=0, loopend=0, mode=0x00000000, channelmask=0x00000000, channelorder=0, peakvolume=0.999969.
[LOG] SystemI::createSoundInternal             : Create name='', mode=0x02000202
[LOG] SystemI::createSoundInternal             : exinfo->cbsize             = 232
[LOG] SystemI::createSoundInternal             : exinfo->length             = 117120
[LOG] SystemI::createSoundInternal             : exinfo->fileoffset         = 23424
[LOG] SystemI::createSoundInternal             : exinfo->numsubsounds       = 1
[LOG] SystemI::createSoundInternal             : exinfo->inclusionlist      = 0000000078BBF5FC
[LOG] SystemI::createSoundInternal             : exinfo->inclusionlistnum   = 1
[LOG] SystemI::createSoundInternal             : exinfo->suggestedsoundtype = 5
[LOG] SystemI::createSoundInternal             : exinfo->useropen           = 00007FFA5A71D9C0
[LOG] SystemI::createSoundInternal             : exinfo->userclose          = 00007FFA5A71D990
[LOG] SystemI::createSoundInternal             : exinfo->userread           = 00007FFA5A71DA90
[LOG] SystemI::createSoundInternal             : exinfo->userseek           = 00007FFA5A71DB50
[LOG] SystemI::createSoundInternal             : exinfo->fileuserdata       = 00000000601E4938
[LOG] SystemI::createSoundInternal             : exinfo->initialseekpostype = 1
[LOG] SystemI::DSPCodecPoolRegister            : register codec pool for pool type 5
[LOG] SystemI::createSoundInternal             : Sample 0/1: name='Blunderbuss', format=2, channels=2, frequency=48000, lengthbytes=21760, lengthpcm=149760, pcmblocksize=0, loopstart=0, loopend=0, mode=0x00000000, channelmask=0x00000000, channelorder=0, peakvolume=0.984436.
[LOG] SystemI::createSoundInternal             : Create name='', mode=0x02000202
[LOG] SystemI::createSoundInternal             : exinfo->cbsize             = 232
[LOG] SystemI::createSoundInternal             : exinfo->length             = 117120
[LOG] SystemI::createSoundInternal             : exinfo->fileoffset         = 23424
[LOG] SystemI::createSoundInternal             : exinfo->numsubsounds       = 1
[LOG] SystemI::createSoundInternal             : exinfo->inclusionlist      = 0000000078BBF5FC
[LOG] SystemI::createSoundInternal             : exinfo->inclusionlistnum   = 1
[LOG] SystemI::createSoundInternal             : exinfo->suggestedsoundtype = 5
[LOG] SystemI::createSoundInternal             : exinfo->useropen           = 00007FFA5A71D9C0
[LOG] SystemI::createSoundInternal             : exinfo->userclose          = 00007FFA5A71D990
[LOG] SystemI::createSoundInternal             : exinfo->userread           = 00007FFA5A71DA90
[LOG] SystemI::createSoundInternal             : exinfo->userseek           = 00007FFA5A71DB50
[LOG] SystemI::createSoundInternal             : exinfo->fileuserdata       = 00000000601E40B8
[LOG] SystemI::createSoundInternal             : exinfo->initialseekpostype = 1
[LOG] SystemI::DSPCodecPoolRegister            : register codec pool for pool type 5
[LOG] SystemI::createSoundInternal             : Sample 0/1: name='gore hit', format=2, channels=2, frequency=48000, lengthbytes=42976, lengthpcm=150912, pcmblocksize=0, loopstart=0, loopend=0, mode=0x00000000, channelmask=0x00000000, channelorder=0, peakvolume=0.999969.
[LOG] SoundI::release                          :  (000000005FAE3D78)
[LOG] SoundI::release                          :     Blunderbuss (00000000600A8128)
[LOG] SoundI::release                          :  (000000005FAE3EE8)
[LOG] SoundI::release                          :     gore hit (00000000600A7908)
[LOG] SoundI::release                          :  (00000000608C6088)
[LOG] SoundI::release                          :     water splash tiny 3 (00000000600A9648)
[LOG] SoundI::release                          :  (00000000608C61F8)
[LOG] SoundI::release                          :     FS Ground Civilian Walk N05 (00000000600A7C48)
[LOG] SoundI::release                          :  (00000000608C6368)
[LOG] SoundI::release                          :     wet splash1 (00000000600A97E8)
[LOG] SoundI::release                          :  (00000000608C64D8)
[LOG] SoundI::release                          :     wet splash2 (00000000600A75C8)
[LOG] SoundI::release                          :  (00000000608C6648)
[LOG] SoundI::release                          :     wet splash3 (00000000600A70E8)
[LOG] SoundI::release                          :  (00000000608C4DD8)
[LOG] SoundI::release                          :     Bubble Pop (00000000600AA1A8)
[LOG] Thread::callback                         : FMOD Studio update thread finished.
[LOG] Thread::callback                         : FMOD Studio bank load thread finished.
[LOG] Profile::disconnectAll                   : Profiler disconnecting all clients
[LOG] Thread::callback                         : FMOD Studio sample load thread finished.
[LOG] LiveUpdate::release                      : 
[LOG] LiveUpdate::reset                        : Reset connection (reason Disconnected)
[LOG] Thread::callback                         : FMOD stream thread finished.
[LOG] Thread::callback                         : FMOD mixer thread finished.
[LOG] Profile::disconnectAll                   : Profiler disconnecting all clients
[LOG] SystemI::close                           : Closed.
